# JRE version: OpenJDK Runtime Environment (8.0_242-b01) (build 1.8.0_242-release-1644-b01)
# Java VM: OpenJDK 64-Bit Server VM (25.242-b01 mixed mode windows-amd64 compressed oops)
Heap:
 PSYoungGen      total 76288K, used 48015K [0x000000076b400000, 0x0000000770900000, 0x00000007c0000000)
  eden space 65536K, 73% used [0x000000076b400000,0x000000076e2e3e40,0x000000076f400000)
  from space 10752K, 0% used [0x000000076fe80000,0x000000076fe80000,0x0000000770900000)
  to   space 10752K, 0% used [0x000000076f400000,0x000000076f400000,0x000000076fe80000)
 ParOldGen       total 116224K, used 19953K [0x00000006c1c00000, 0x00000006c8d80000, 0x000000076b400000)
  object space 116224K, 17% used [0x00000006c1c00000,0x00000006c2f7c420,0x00000006c8d80000)
 Metaspace       used 37576K, capacity 38290K, committed 38528K, reserved 1083392K
  class space    used 4734K, capacity 4928K, committed 4992K, reserved 1048576K
GC Heap History (10 events):
Event: 1.475 GC heap before
{Heap before GC invocations=2 (full 0):
 PSYoungGen      total 76288K, used 31045K [0x000000076b400000, 0x0000000770900000, 0x00000007c0000000)
  eden space 65536K, 30% used [0x000000076b400000,0x000000076c7d3e38,0x000000076f400000)
  from space 10752K, 99% used [0x000000076f400000,0x000000076fe7d6a8,0x000000076fe80000)
  to   space 10752K, 0% used [0x000000076fe80000,0x000000076fe80000,0x0000000770900000)
 ParOldGen       total 175104K, used 4671K [0x00000006c1c00000, 0x00000006cc700000, 0x000000076b400000)
  object space 175104K, 2% used [0x00000006c1c00000,0x00000006c208fe78,0x00000006cc700000)
 Metaspace       used 20670K, capacity 21130K, committed 21296K, reserved 1069056K
  class space    used 2442K, capacity 2596K, committed 2688K, reserved 1048576K
Event: 1.482 GC heap after
Heap after GC invocations=2 (full 0):
 PSYoungGen      total 76288K, used 9799K [0x000000076b400000, 0x0000000770900000, 0x00000007c0000000)
  eden space 65536K, 0% used [0x000000076b400000,0x000000076b400000,0x000000076f400000)
  from space 10752K, 91% used [0x000000076fe80000,0x0000000770811e60,0x0000000770900000)
  to   space 10752K, 0% used [0x000000076f400000,0x000000076f400000,0x000000076fe80000)
 ParOldGen       total 175104K, used 4743K [0x00000006c1c00000, 0x00000006cc700000, 0x000000076b400000)
  object space 175104K, 2% used [0x00000006c1c00000,0x00000006c20a1e88,0x00000006cc700000)
 Metaspace       used 20670K, capacity 21130K, committed 21296K, reserved 1069056K
  class space    used 2442K, capacity 2596K, committed 2688K, reserved 1048576K
}
Event: 1.482 GC heap before
{Heap before GC invocations=3 (full 1):
 PSYoungGen      total 76288K, used 9799K [0x000000076b400000, 0x0000000770900000, 0x00000007c0000000)
  eden space 65536K, 0% used [0x000000076b400000,0x000000076b400000,0x000000076f400000)
  from space 10752K, 91% used [0x000000076fe80000,0x0000000770811e60,0x0000000770900000)
  to   space 10752K, 0% used [0x000000076f400000,0x000000076f400000,0x000000076fe80000)
 ParOldGen       total 175104K, used 4743K [0x00000006c1c00000, 0x00000006cc700000, 0x000000076b400000)
  object space 175104K, 2% used [0x00000006c1c00000,0x00000006c20a1e88,0x00000006cc700000)
 Metaspace       used 20670K, capacity 21130K, committed 21296K, reserved 1069056K
  class space    used 2442K, capacity 2596K, committed 2688K, reserved 1048576K
Event: 1.509 GC heap after
Heap after GC invocations=3 (full 1):
 PSYoungGen      total 76288K, used 0K [0x000000076b400000, 0x0000000770900000, 0x00000007c0000000)
  eden space 65536K, 0% used [0x000000076b400000,0x000000076b400000,0x000000076f400000)
  from space 10752K, 0% used [0x000000076fe80000,0x000000076fe80000,0x0000000770900000)
  to   space 10752K, 0% used [0x000000076f400000,0x000000076f400000,0x000000076fe80000)
 ParOldGen       total 116224K, used 9469K [0x00000006c1c00000, 0x00000006c8d80000, 0x000000076b400000)
  object space 116224K, 8% used [0x00000006c1c00000,0x00000006c253f750,0x00000006c8d80000)
 Metaspace       used 20670K, capacity 21130K, committed 21296K, reserved 1069056K
  class space    used 2442K, capacity 2596K, committed 2688K, reserved 1048576K
}
Event: 2.806 GC heap before
{Heap before GC invocations=4 (full 1):
 PSYoungGen      total 76288K, used 65536K [0x000000076b400000, 0x0000000770900000, 0x00000007c0000000)
  eden space 65536K, 100% used [0x000000076b400000,0x000000076f400000,0x000000076f400000)
  from space 10752K, 0% used [0x000000076fe80000,0x000000076fe80000,0x0000000770900000)
  to   space 10752K, 0% used [0x000000076f400000,0x000000076f400000,0x000000076fe80000)
 ParOldGen       total 116224K, used 9469K [0x00000006c1c00000, 0x00000006c8d80000, 0x000000076b400000)
  object space 116224K, 8% used [0x00000006c1c00000,0x00000006c253f750,0x00000006c8d80000)
 Metaspace       used 29195K, capacity 29777K, committed 30080K, reserved 1075200K
  class space    used 3539K, capacity 3674K, committed 3712K, reserved 1048576K
Event: 2.818 GC heap after
Heap after GC invocations=4 (full 1):
 PSYoungGen      total 76288K, used 10731K [0x000000076b400000, 0x0000000770900000, 0x00000007c0000000)
  eden space 65536K, 0% used [0x000000076b400000,0x000000076b400000,0x000000076f400000)
  from space 10752K, 99% used [0x000000076f400000,0x000000076fe7afc0,0x000000076fe80000)
  to   space 10752K, 0% used [0x000000076fe80000,0x000000076fe80000,0x0000000770900000)
 ParOldGen       total 116224K, used 14638K [0x00000006c1c00000, 0x00000006c8d80000, 0x000000076b400000)
  object space 116224K, 12% used [0x00000006c1c00000,0x00000006c2a4b9e0,0x00000006c8d80000)
 Metaspace       used 29195K, capacity 29777K, committed 30080K, reserved 1075200K
  class space    used 3539K, capacity 3674K, committed 3712K, reserved 1048576K
}
Event: 3.450 GC heap before
{Heap before GC invocations=5 (full 1):
 PSYoungGen      total 76288K, used 39028K [0x000000076b400000, 0x0000000770900000, 0x00000007c0000000)
  eden space 65536K, 43% used [0x000000076b400000,0x000000076cfa22f8,0x000000076f400000)
  from space 10752K, 99% used [0x000000076f400000,0x000000076fe7afc0,0x000000076fe80000)
  to   space 10752K, 0% used [0x000000076fe80000,0x000000076fe80000,0x0000000770900000)
 ParOldGen       total 116224K, used 14638K [0x00000006c1c00000, 0x00000006c8d80000, 0x000000076b400000)
  object space 116224K, 12% used [0x00000006c1c00000,0x00000006c2a4b9e0,0x00000006c8d80000)
 Metaspace       used 34704K, capacity 35308K, committed 35496K, reserved 1081344K
  class space    used 4428K, capacity 4589K, committed 4608K, reserved 1048576K
Event: 3.458 GC heap after
Heap after GC invocations=5 (full 1):
 PSYoungGen      total 76288K, used 10741K [0x000000076b400000, 0x0000000770900000, 0x00000007c0000000)
  eden space 65536K, 0% used [0x000000076b400000,0x000000076b400000,0x000000076f400000)
  from space 10752K, 99% used [0x000000076fe80000,0x00000007708fd678,0x0000000770900000)
  to   space 10752K, 0% used [0x000000076f400000,0x000000076f400000,0x000000076fe80000)
 ParOldGen       total 116224K, used 18320K [0x00000006c1c00000, 0x00000006c8d80000, 0x000000076b400000)
  object space 116224K, 15% used [0x00000006c1c00000,0x00000006c2de4240,0x00000006c8d80000)
 Metaspace       used 34704K, capacity 35308K, committed 35496K, reserved 1081344K
  class space    used 4428K, capacity 4589K, committed 4608K, reserved 1048576K
}
Event: 3.458 GC heap before
{Heap before GC invocations=6 (full 2):
 PSYoungGen      total 76288K, used 10741K [0x000000076b400000, 0x0000000770900000, 0x00000007c0000000)
  eden space 65536K, 0% used [0x000000076b400000,0x000000076b400000,0x000000076f400000)
  from space 10752K, 99% used [0x000000076fe80000,0x00000007708fd678,0x0000000770900000)
  to   space 10752K, 0% used [0x000000076f400000,0x000000076f400000,0x000000076fe80000)
 ParOldGen       total 116224K, used 18320K [0x00000006c1c00000, 0x00000006c8d80000, 0x000000076b400000)
  object space 116224K, 15% used [0x00000006c1c00000,0x00000006c2de4240,0x00000006c8d80000)
 Metaspace       used 34704K, capacity 35308K, committed 35496K, reserved 1081344K
  class space    used 4428K, capacity 4589K, committed 4608K, reserved 1048576K
Event: 3.512 GC heap after
Heap after GC invocations=6 (full 2):
 PSYoungGen      total 76288K, used 0K [0x000000076b400000, 0x0000000770900000, 0x00000007c0000000)
  eden space 65536K, 0% used [0x000000076b400000,0x000000076b400000,0x000000076f400000)
  from space 10752K, 0% used [0x000000076fe80000,0x000000076fe80000,0x0000000770900000)
  to   space 10752K, 0% used [0x000000076f400000,0x000000076f400000,0x000000076fe80000)
 ParOldGen       total 116224K, used 19953K [0x00000006c1c00000, 0x00000006c8d80000, 0x000000076b400000)
  object space 116224K, 17% used [0x00000006c1c00000,0x00000006c2f7c420,0x00000006c8d80000)
 Metaspace       used 34704K, capacity 35308K, committed 35496K, reserved 1081344K
  class space    used 4428K, capacity 4589K, committed 4608K, reserved 1048576K
}

